<?xml version="1.0" encoding="UTF-8"?>
<!-- Generated by org.testng.reporters.JUnitReportReporter -->
<testsuite skipped="0" hostname="DESKTOP-OA26UOH" name="com.mc.TestFilghtBokking" tests="1" failures="0" timestamp="26 Jul 2019 16:49:45 GMT" time="96.132" errors="0">
  <testcase name="openBrowser" time="96.132" classname="com.mc.TestFilghtBokking"/>
</testsuite> <!-- com.mc.TestFilghtBokking -->
