<?xml version="1.0" encoding="UTF-8"?>
<!-- Generated by org.testng.reporters.JUnitReportReporter -->
<testsuite skipped="0" hostname="DESKTOP-OA26UOH" name="com.mc.TestFilghtBokking" tests="1" failures="0" timestamp="28 Jul 2019 15:07:25 GMT" time="97.333" errors="0">
  <testcase name="openBrowser" time="97.333" classname="com.mc.TestFilghtBokking"/>
</testsuite> <!-- com.mc.TestFilghtBokking -->
